Flow report for os_control_unit
Fri Nov  3 17:26:07 2017
Quartus Prime Version 15.1.0 Build 185 10/21/2015 SJ Lite Edition


---------------------
; Table of Contents ;
---------------------
  1. Legal Notice
  2. Flow Summary
  3. Flow Settings
  4. Flow Non-Default Global Settings
  5. Flow Elapsed Time
  6. Flow OS Summary
  7. Flow Log
  8. Flow Messages
  9. Flow Suppressed Messages



----------------
; Legal Notice ;
----------------
Copyright (C) 1991-2015 Altera Corporation. All rights reserved.
Your use of Altera Corporation's design tools, logic functions 
and other software and tools, and its AMPP partner logic 
functions, and any output files from any of the foregoing 
(including device programming or simulation files), and any 
associated documentation or information are expressly subject 
to the terms and conditions of the Altera Program License 
Subscription Agreement, the Altera Quartus Prime License Agreement,
the Altera MegaCore Function License Agreement, or other 
applicable license agreement, including, without limitation, 
that your use is for the sole purpose of programming logic 
devices manufactured by Altera and sold by Altera or its 
authorized distributors.  Please refer to the applicable 
agreement for further details.



+----------------------------------------------------------------------------------+
; Flow Summary                                                                     ;
+------------------------------------+---------------------------------------------+
; Flow Status                        ; Successful - Fri Nov  3 17:26:07 2017       ;
; Quartus Prime Version              ; 15.1.0 Build 185 10/21/2015 SJ Lite Edition ;
; Revision Name                      ; os_control_unit                             ;
; Top-level Entity Name              ; os_control_unit                             ;
; Family                             ; Cyclone IV E                                ;
; Device                             ; EP4CE115F29C7                               ;
; Timing Models                      ; Final                                       ;
; Total logic elements               ; 2 / 114,480 ( < 1 % )                       ;
;     Total combinational functions  ; 2 / 114,480 ( < 1 % )                       ;
;     Dedicated logic registers      ; 1 / 114,480 ( < 1 % )                       ;
; Total registers                    ; 1                                           ;
; Total pins                         ; 8 / 529 ( 2 % )                             ;
; Total virtual pins                 ; 0                                           ;
; Total memory bits                  ; 0 / 3,981,312 ( 0 % )                       ;
; Embedded Multiplier 9-bit elements ; 0 / 532 ( 0 % )                             ;
; Total PLLs                         ; 0 / 4 ( 0 % )                               ;
+------------------------------------+---------------------------------------------+


+-----------------------------------------+
; Flow Settings                           ;
+-------------------+---------------------+
; Option            ; Setting             ;
+-------------------+---------------------+
; Start date & time ; 11/03/2017 17:22:26 ;
; Main task         ; Compilation         ;
; Revision Name     ; os_control_unit     ;
+-------------------+---------------------+


+----------------------------------------------------------------------------------------------------------------------------+
; Flow Non-Default Global Settings                                                                                           ;
+-------------------------------------+---------------------------------------+---------------+-------------+----------------+
; Assignment Name                     ; Value                                 ; Default Value ; Entity Name ; Section Id     ;
+-------------------------------------+---------------------------------------+---------------+-------------+----------------+
; COMPILER_SIGNATURE_ID               ; 0.150973694606453                     ; --            ; --          ; --             ;
; EDA_OUTPUT_DATA_FORMAT              ; Vhdl                                  ; --            ; --          ; eda_simulation ;
; EDA_SIMULATION_TOOL                 ; ModelSim-Altera (VHDL)                ; <None>        ; --          ; --             ;
; MAX_CORE_JUNCTION_TEMP              ; 85                                    ; --            ; --          ; --             ;
; MIN_CORE_JUNCTION_TEMP              ; 0                                     ; --            ; --          ; --             ;
; NOMINAL_CORE_SUPPLY_VOLTAGE         ; 1.2V                                  ; --            ; --          ; --             ;
; PARTITION_COLOR                     ; 16764057                              ; --            ; --          ; Top            ;
; PARTITION_FITTER_PRESERVATION_LEVEL ; PLACEMENT_AND_ROUTING                 ; --            ; --          ; Top            ;
; PARTITION_NETLIST_TYPE              ; SOURCE                                ; --            ; --          ; Top            ;
; POWER_BOARD_THERMAL_MODEL           ; None (CONSERVATIVE)                   ; --            ; --          ; --             ;
; POWER_PRESET_COOLING_SOLUTION       ; 23 MM HEAT SINK WITH 200 LFPM AIRFLOW ; --            ; --          ; --             ;
; PROJECT_OUTPUT_DIRECTORY            ; output_files                          ; --            ; --          ; --             ;
+-------------------------------------+---------------------------------------+---------------+-------------+----------------+


+-------------------------------------------------------------------------------------------------------------------------------+
; Flow Elapsed Time                                                                                                             ;
+---------------------------+--------------+-------------------------+---------------------+------------------------------------+
; Module Name               ; Elapsed Time ; Average Processors Used ; Peak Virtual Memory ; Total CPU Time (on all processors) ;
+---------------------------+--------------+-------------------------+---------------------+------------------------------------+
; Analysis & Synthesis      ; 00:00:15     ; 1.0                     ; 1232 MB             ; 00:00:36                           ;
; Fitter                    ; 00:00:13     ; 1.0                     ; 1587 MB             ; 00:00:16                           ;
; Assembler                 ; 00:00:04     ; 1.0                     ; 1115 MB             ; 00:00:05                           ;
; TimeQuest Timing Analyzer ; 00:00:01     ; 1.0                     ; 1195 MB             ; 00:00:02                           ;
; EDA Netlist Writer        ; 00:00:00     ; 1.0                     ; 1361 MB             ; 00:00:01                           ;
; EDA Netlist Writer        ; 00:00:00     ; 1.0                     ; 1351 MB             ; 00:00:00                           ;
; EDA Netlist Writer        ; 00:00:01     ; 1.0                     ; 1356 MB             ; 00:00:00                           ;
; Total                     ; 00:00:34     ; --                      ; --                  ; 00:01:00                           ;
+---------------------------+--------------+-------------------------+---------------------+------------------------------------+


+------------------------------------------------------------------------------------------------+
; Flow OS Summary                                                                                ;
+---------------------------+-----------------------+-------------+-------------+----------------+
; Module Name               ; Machine Hostname      ; OS Name     ; OS Version  ; Processor type ;
+---------------------------+-----------------------+-------------+-------------+----------------+
; Analysis & Synthesis      ; localhost.localdomain ; Fedora Core ; Fedora Core ; x86_64         ;
; Fitter                    ; localhost.localdomain ; Fedora Core ; Fedora Core ; x86_64         ;
; Assembler                 ; localhost.localdomain ; Fedora Core ; Fedora Core ; x86_64         ;
; TimeQuest Timing Analyzer ; localhost.localdomain ; Fedora Core ; Fedora Core ; x86_64         ;
; EDA Netlist Writer        ; localhost.localdomain ; Fedora Core ; Fedora Core ; x86_64         ;
; EDA Netlist Writer        ; localhost.localdomain ; Fedora Core ; Fedora Core ; x86_64         ;
; EDA Netlist Writer        ; localhost.localdomain ; Fedora Core ; Fedora Core ; x86_64         ;
+---------------------------+-----------------------+-------------+-------------+----------------+


------------
; Flow Log ;
------------
quartus_map --read_settings_files=on --write_settings_files=off os_control_unit -c os_control_unit
quartus_fit --read_settings_files=off --write_settings_files=off os_control_unit -c os_control_unit
quartus_asm --read_settings_files=off --write_settings_files=off os_control_unit -c os_control_unit
quartus_sta os_control_unit -c os_control_unit
quartus_eda --read_settings_files=off --write_settings_files=off os_control_unit -c os_control_unit
quartus_eda --gen_testbench --tool=modelsim_oem --format=verilog --write_settings_files=off os_control_unit -c os_control_unit --vector_source=/home/morales/Documentos/Git/tucanOS/os_control_unit/Waveform.vwf --testbench_file=/home/morales/Documentos/Git/tucanOS/os_control_unit/simulation/qsim/Waveform.vwf.vt
quartus_eda --write_settings_files=off --functional=on --flatten_buses=off --simulation=on --tool=modelsim_oem --format=verilog --output_directory=/home/morales/Documentos/Git/tucanOS/os_control_unit/simulation/qsim/ os_control_unit -c os_control_unit



